
(process:96338): Gtk-WARNING **: Locale not supported by C library.
	Using the fallback 'C' locale.
==============================================================
PHP Warning:  date(): It is not safe to rely on the system's timezone settings. You are *required* to use the date.timezone setting or the date_default_timezone_set() function. In case you used any of those methods and you are still getting this warning, you most likely misspelled the timezone identifier. We selected the timezone 'UTC' for now, but please set date.timezone to select your timezone. in /Users/Franzi/github/rrze-icon-inspector/gtk/handlers.php on line 113
   13.02.2015 - 10:09:12
==============================================================
INTERNAL ERROR: Tried to add 'emblems/lock-key', but icon 'emblems/lock-key' is already present. Skipping.
WARNING:        [emblems/barchart]                                    Available sizes: 16x16, 22x22, 48x48, 150x150, 720x720, scalable -- Missing sizes: 32x32
WARNING:        [emblems/company]                                     Available sizes: scalable -- Missing sizes: 16x16, 22x22, 32x32, 48x48, 150x150, 720x720
WARNING:        [emblems/company]                                     Empty 'keywords' field.
WARNING:        [emblems/company]                                     Missing size 48x48 -- Skipping for overview image generation.
WARNING:        [emblems/container]                                   Available sizes: scalable -- Missing sizes: 16x16, 22x22, 32x32, 48x48, 150x150, 720x720
WARNING:        [emblems/container]                                   Empty 'keywords' field.
WARNING:        [emblems/container]                                   Missing size 48x48 -- Skipping for overview image generation.
WARNING:        [emblems/database]                                    Possibly a duplicate of 'devices/database'.
WARNING:        [logos/docker]                                        Available sizes: scalable -- Missing sizes: 16x16, 22x22, 32x32, 48x48, 150x150, 720x720
NOTICE:         [logos/docker]                                        Fixed empty 'title' field to be 'docker'.
PHP Notice:  Undefined property: SvgReader::$xml_metaTitle in /Users/Franzi/github/rrze-icon-inspector/classes/SvgReader.php on line 258
WARNING:        [logos/docker]                                        Empty 'keywords' field.
WARNING:        [logos/docker]                                        Missing size 48x48 -- Skipping for overview image generation.
WARNING:        [logos/linux-ZUV]                                     Did not find a master/highest detail scalable.
WARNING:        [mime-types/office-ms-word-download]                  Non quadratic image dimensions in file '720x720/mime-types/office-ms-word-download.png': 720x722
WARNING:        [logos/siport]                                        Possibly a duplicate of 'emblems/siport'.
WARNING:        [categories/subversion]                               Available sizes: scalable -- Missing sizes: 16x16, 22x22, 32x32, 48x48, 150x150, 720x720
WARNING:        [categories/subversion]                               Did not find a master/highest detail scalable.
WARNING:        [categories/subversion]                               Possibly a duplicate of 'logos/subversion'.
WARNING:        [categories/subversion]                               Missing size 48x48 -- Skipping for overview image generation.
WARNING:        [categories/user-zombie]                              Available sizes: 16x16, 32x32, 48x48, 150x150, 720x720, scalable -- Missing sizes: 22x22
WARNING:        [categories/user_yoda]                                Empty 'keywords' field.
WARNING:        [categories/user_yoda]                                Empty 'keywords' field.
PHP Warning:  date(): It is not safe to rely on the system's timezone settings. You are *required* to use the date.timezone setting or the date_default_timezone_set() function. In case you used any of those methods and you are still getting this warning, you most likely misspelled the timezone identifier. We selected the timezone 'UTC' for now, but please set date.timezone to select your timezone. in /Users/Franzi/github/rrze-icon-inspector/classes/HtmlGallery.php on line 247
PHP Warning:  file_put_contents(generated/tango/gallery.html): failed to open stream: No such file or directory in /Users/Franzi/github/rrze-icon-inspector/classes/Template.php on line 125
PHP Warning:  file_put_contents(generated/tango/gallery.css): failed to open stream: No such file or directory in /Users/Franzi/github/rrze-icon-inspector/classes/Template.php on line 125
PHP Warning:  imagepng(generated/tango/overview.png): failed to open stream: No such file or directory in /Users/Franzi/github/rrze-icon-inspector/classes/OverviewImage.php on line 340
PHP Warning:  date(): It is not safe to rely on the system's timezone settings. You are *required* to use the date.timezone setting or the date_default_timezone_set() function. In case you used any of those methods and you are still getting this warning, you most likely misspelled the timezone identifier. We selected the timezone 'UTC' for now, but please set date.timezone to select your timezone. in /Users/Franzi/github/rrze-icon-inspector/classes/HtmlImageMap.php on line 104
PHP Warning:  file_put_contents(generated/tango/overview.html): failed to open stream: No such file or directory in /Users/Franzi/github/rrze-icon-inspector/classes/Template.php on line 125
==============================================================
PHP Warning:  date(): It is not safe to rely on the system's timezone settings. You are *required* to use the date.timezone setting or the date_default_timezone_set() function. In case you used any of those methods and you are still getting this warning, you most likely misspelled the timezone identifier. We selected the timezone 'UTC' for now, but please set date.timezone to select your timezone. in /Users/Franzi/github/rrze-icon-inspector/gtk/handlers.php on line 113
   13.02.2015 - 10:11:15
==============================================================
NOTICE:         [emblems/beta]                                        Removed attribute 'sodipodi:docname'.
NOTICE:         [emblems/beta]                                        Removed attribute 'inkscape:export-filename'.
NOTICE:         [devices/database-account]                            Removed attribute 'sodipodi:docname'.
NOTICE:         [devices/database-account]                            Removed attribute 'inkscape:export-filename'.
WARNING:        [emblems/entitlement-package]                         Available sizes: scalable -- Missing sizes: 16x16, 22x22, 32x32, 48x48, 150x150, 720x720
NOTICE:         [emblems/entitlement-package]                         Removed attribute 'sodipodi:docname'.
NOTICE:         [emblems/entitlement-package]                         Removed attribute 'inkscape:export-filename'.
WARNING:        [emblems/entitlement-package]                         Missing size 48x48 -- Skipping for overview image generation.
WARNING:        [emblems/fau_org]                                     Empty 'keywords' field.
WARNING:        [emblems/gradschool]                                  Empty 'keywords' field.
WARNING:        [logos/groupwise]                                     Empty 'keywords' field.
NOTICE:         [emblems/notepad]                                     Removed attribute 'sodipodi:docname'.
NOTICE:         [emblems/notepad]                                     Removed attribute 'inkscape:export-filename'.
NOTICE:         [emblems/pen]                                         Removed attribute 'sodipodi:docname'.
NOTICE:         [emblems/pen]                                         Removed attribute 'inkscape:export-filename'.
WARNING:        [logos/siport]                                        Empty 'keywords' field.
WARNING:        [emblems/software]                                    Available sizes: scalable -- Missing sizes: 16x16, 22x22, 32x32, 48x48, 150x150, 720x720
NOTICE:         [emblems/software]                                    Removed attribute 'sodipodi:docname'.
NOTICE:         [emblems/software]                                    Removed attribute 'inkscape:export-filename'.
WARNING:        [emblems/software]                                    Missing size 48x48 -- Skipping for overview image generation.
NOTICE:         [logos/studon-small]                                  Removed attribute 'sodipodi:docname'.
NOTICE:         [logos/studon-small]                                  Removed attribute 'inkscape:export-filename'.
NOTICE:         [categories/user-employee]                            Removed attribute 'sodipodi:docname'.
NOTICE:         [categories/user-employee]                            Removed attribute 'inkscape:export-filename'.
NOTICE:         [categories/user-student]                             Removed attribute 'sodipodi:docname'.
NOTICE:         [categories/user-student]                             Removed attribute 'inkscape:export-filename'.
WARNING:        [emblems/waffle-ice-cream]                            Available sizes: scalable -- Missing sizes: 16x16, 22x22, 32x32, 48x48, 150x150, 720x720
NOTICE:         [emblems/waffle-ice-cream]                            Removed attribute 'sodipodi:docname'.
NOTICE:         [emblems/waffle-ice-cream]                            Removed attribute 'inkscape:export-filename'.
WARNING:        [emblems/waffle-ice-cream]                            Missing size 48x48 -- Skipping for overview image generation.
NOTICE:         [emblems/wlan-staff]                                  Removed attribute 'sodipodi:docname'.
NOTICE:         [emblems/wlan-staff]                                  Removed attribute 'inkscape:export-filename'.
NOTICE:         [emblems/wlan-student]                                Removed attribute 'sodipodi:docname'.
NOTICE:         [emblems/wlan-student]                                Removed attribute 'inkscape:export-filename'.
NOTICE:         [devices/workstation]                                 Removed attribute 'sodipodi:docname'.
NOTICE:         [devices/workstation]                                 Removed attribute 'inkscape:export-filename'.
WARNING:        [emblems/zuv_linux]                                   Empty 'keywords' field.
PHP Warning:  date(): It is not safe to rely on the system's timezone settings. You are *required* to use the date.timezone setting or the date_default_timezone_set() function. In case you used any of those methods and you are still getting this warning, you most likely misspelled the timezone identifier. We selected the timezone 'UTC' for now, but please set date.timezone to select your timezone. in /Users/Franzi/github/rrze-icon-inspector/classes/HtmlGallery.php on line 247
PHP Warning:  file_put_contents(generated/monocrom/gallery.html): failed to open stream: No such file or directory in /Users/Franzi/github/rrze-icon-inspector/classes/Template.php on line 125
PHP Warning:  file_put_contents(generated/monocrom/gallery.css): failed to open stream: No such file or directory in /Users/Franzi/github/rrze-icon-inspector/classes/Template.php on line 125
PHP Warning:  imagepng(generated/monocrom/overview.png): failed to open stream: No such file or directory in /Users/Franzi/github/rrze-icon-inspector/classes/OverviewImage.php on line 340
PHP Warning:  date(): It is not safe to rely on the system's timezone settings. You are *required* to use the date.timezone setting or the date_default_timezone_set() function. In case you used any of those methods and you are still getting this warning, you most likely misspelled the timezone identifier. We selected the timezone 'UTC' for now, but please set date.timezone to select your timezone. in /Users/Franzi/github/rrze-icon-inspector/classes/HtmlImageMap.php on line 104
PHP Warning:  file_put_contents(generated/monocrom/overview.html): failed to open stream: No such file or directory in /Users/Franzi/github/rrze-icon-inspector/classes/Template.php on line 125
==============================================================
PHP Warning:  date(): It is not safe to rely on the system's timezone settings. You are *required* to use the date.timezone setting or the date_default_timezone_set() function. In case you used any of those methods and you are still getting this warning, you most likely misspelled the timezone identifier. We selected the timezone 'UTC' for now, but please set date.timezone to select your timezone. in /Users/Franzi/github/rrze-icon-inspector/gtk/handlers.php on line 113
   13.02.2015 - 10:15:24
==============================================================
WARNING:        [emblems/entitlement-package]                         Available sizes: scalable -- Missing sizes: 16x16, 22x22, 32x32, 48x48, 150x150, 720x720
WARNING:        [emblems/entitlement-package]                         Missing size 48x48 -- Skipping for overview image generation.
WARNING:        [emblems/fau_org]                                     Empty 'keywords' field.
WARNING:        [emblems/gradschool]                                  Empty 'keywords' field.
WARNING:        [logos/groupwise]                                     Empty 'keywords' field.
WARNING:        [logos/siport]                                        Empty 'keywords' field.
WARNING:        [emblems/software]                                    Available sizes: scalable -- Missing sizes: 16x16, 22x22, 32x32, 48x48, 150x150, 720x720
WARNING:        [emblems/software]                                    Missing size 48x48 -- Skipping for overview image generation.
WARNING:        [emblems/waffle-ice-cream]                            Available sizes: scalable -- Missing sizes: 16x16, 22x22, 32x32, 48x48, 150x150, 720x720
WARNING:        [emblems/waffle-ice-cream]                            Missing size 48x48 -- Skipping for overview image generation.
WARNING:        [emblems/zuv_linux]                                   Empty 'keywords' field.
PHP Warning:  date(): It is not safe to rely on the system's timezone settings. You are *required* to use the date.timezone setting or the date_default_timezone_set() function. In case you used any of those methods and you are still getting this warning, you most likely misspelled the timezone identifier. We selected the timezone 'UTC' for now, but please set date.timezone to select your timezone. in /Users/Franzi/github/rrze-icon-inspector/classes/HtmlGallery.php on line 247
PHP Warning:  file_put_contents(generated/monocrom/gallery.html): failed to open stream: No such file or directory in /Users/Franzi/github/rrze-icon-inspector/classes/Template.php on line 125
PHP Warning:  file_put_contents(generated/monocrom/gallery.css): failed to open stream: No such file or directory in /Users/Franzi/github/rrze-icon-inspector/classes/Template.php on line 125
PHP Warning:  imagepng(generated/monocrom/overview.png): failed to open stream: No such file or directory in /Users/Franzi/github/rrze-icon-inspector/classes/OverviewImage.php on line 340
PHP Warning:  date(): It is not safe to rely on the system's timezone settings. You are *required* to use the date.timezone setting or the date_default_timezone_set() function. In case you used any of those methods and you are still getting this warning, you most likely misspelled the timezone identifier. We selected the timezone 'UTC' for now, but please set date.timezone to select your timezone. in /Users/Franzi/github/rrze-icon-inspector/classes/HtmlImageMap.php on line 104
PHP Warning:  file_put_contents(generated/monocrom/overview.html): failed to open stream: No such file or directory in /Users/Franzi/github/rrze-icon-inspector/classes/Template.php on line 125
==============================================================
PHP Warning:  date(): It is not safe to rely on the system's timezone settings. You are *required* to use the date.timezone setting or the date_default_timezone_set() function. In case you used any of those methods and you are still getting this warning, you most likely misspelled the timezone identifier. We selected the timezone 'UTC' for now, but please set date.timezone to select your timezone. in /Users/Franzi/github/rrze-icon-inspector/gtk/handlers.php on line 113
   13.02.2015 - 10:16:06
==============================================================
WARNING:        [emblems/entitlement-package]                         Available sizes: scalable -- Missing sizes: 16x16, 22x22, 32x32, 48x48, 150x150, 720x720
WARNING:        [emblems/entitlement-package]                         Missing size 48x48 -- Skipping for overview image generation.
WARNING:        [emblems/fau_org]                                     Empty 'keywords' field.
WARNING:        [emblems/gradschool]                                  Empty 'keywords' field.
WARNING:        [logos/groupwise]                                     Empty 'keywords' field.
WARNING:        [logos/siport]                                        Empty 'keywords' field.
WARNING:        [emblems/software]                                    Available sizes: scalable -- Missing sizes: 16x16, 22x22, 32x32, 48x48, 150x150, 720x720
WARNING:        [emblems/software]                                    Missing size 48x48 -- Skipping for overview image generation.
WARNING:        [emblems/waffle-ice-cream]                            Available sizes: scalable -- Missing sizes: 16x16, 22x22, 32x32, 48x48, 150x150, 720x720
WARNING:        [emblems/waffle-ice-cream]                            Missing size 48x48 -- Skipping for overview image generation.
WARNING:        [emblems/zuv_linux]                                   Empty 'keywords' field.
PHP Warning:  date(): It is not safe to rely on the system's timezone settings. You are *required* to use the date.timezone setting or the date_default_timezone_set() function. In case you used any of those methods and you are still getting this warning, you most likely misspelled the timezone identifier. We selected the timezone 'UTC' for now, but please set date.timezone to select your timezone. in /Users/Franzi/github/rrze-icon-inspector/classes/HtmlGallery.php on line 247
PHP Warning:  date(): It is not safe to rely on the system's timezone settings. You are *required* to use the date.timezone setting or the date_default_timezone_set() function. In case you used any of those methods and you are still getting this warning, you most likely misspelled the timezone identifier. We selected the timezone 'UTC' for now, but please set date.timezone to select your timezone. in /Users/Franzi/github/rrze-icon-inspector/classes/HtmlImageMap.php on line 104
==============================================================
PHP Warning:  date(): It is not safe to rely on the system's timezone settings. You are *required* to use the date.timezone setting or the date_default_timezone_set() function. In case you used any of those methods and you are still getting this warning, you most likely misspelled the timezone identifier. We selected the timezone 'UTC' for now, but please set date.timezone to select your timezone. in /Users/Franzi/github/rrze-icon-inspector/gtk/handlers.php on line 113
   13.02.2015 - 10:16:27
==============================================================
INTERNAL ERROR: Tried to add 'emblems/lock-key', but icon 'emblems/lock-key' is already present. Skipping.
WARNING:        [emblems/barchart]                                    Available sizes: 16x16, 22x22, 48x48, 150x150, 720x720, scalable -- Missing sizes: 32x32
WARNING:        [emblems/company]                                     Available sizes: scalable -- Missing sizes: 16x16, 22x22, 32x32, 48x48, 150x150, 720x720
WARNING:        [emblems/company]                                     Empty 'keywords' field.
WARNING:        [emblems/company]                                     Missing size 48x48 -- Skipping for overview image generation.
WARNING:        [emblems/container]                                   Available sizes: scalable -- Missing sizes: 16x16, 22x22, 32x32, 48x48, 150x150, 720x720
WARNING:        [emblems/container]                                   Empty 'keywords' field.
WARNING:        [emblems/container]                                   Missing size 48x48 -- Skipping for overview image generation.
WARNING:        [emblems/database]                                    Possibly a duplicate of 'devices/database'.
WARNING:        [logos/docker]                                        Available sizes: scalable -- Missing sizes: 16x16, 22x22, 32x32, 48x48, 150x150, 720x720
NOTICE:         [logos/docker]                                        Fixed empty 'title' field to be 'docker'.
PHP Notice:  Undefined property: SvgReader::$xml_metaTitle in /Users/Franzi/github/rrze-icon-inspector/classes/SvgReader.php on line 258
WARNING:        [logos/docker]                                        Empty 'keywords' field.
WARNING:        [logos/docker]                                        Missing size 48x48 -- Skipping for overview image generation.
WARNING:        [logos/linux-ZUV]                                     Did not find a master/highest detail scalable.
WARNING:        [mime-types/office-ms-word-download]                  Non quadratic image dimensions in file '720x720/mime-types/office-ms-word-download.png': 720x722
WARNING:        [logos/siport]                                        Possibly a duplicate of 'emblems/siport'.
WARNING:        [categories/subversion]                               Available sizes: scalable -- Missing sizes: 16x16, 22x22, 32x32, 48x48, 150x150, 720x720
WARNING:        [categories/subversion]                               Did not find a master/highest detail scalable.
WARNING:        [categories/subversion]                               Possibly a duplicate of 'logos/subversion'.
WARNING:        [categories/subversion]                               Missing size 48x48 -- Skipping for overview image generation.
WARNING:        [categories/user-zombie]                              Available sizes: 16x16, 32x32, 48x48, 150x150, 720x720, scalable -- Missing sizes: 22x22
WARNING:        [categories/user_yoda]                                Empty 'keywords' field.
WARNING:        [categories/user_yoda]                                Empty 'keywords' field.
PHP Warning:  date(): It is not safe to rely on the system's timezone settings. You are *required* to use the date.timezone setting or the date_default_timezone_set() function. In case you used any of those methods and you are still getting this warning, you most likely misspelled the timezone identifier. We selected the timezone 'UTC' for now, but please set date.timezone to select your timezone. in /Users/Franzi/github/rrze-icon-inspector/classes/HtmlGallery.php on line 247
PHP Warning:  date(): It is not safe to rely on the system's timezone settings. You are *required* to use the date.timezone setting or the date_default_timezone_set() function. In case you used any of those methods and you are still getting this warning, you most likely misspelled the timezone identifier. We selected the timezone 'UTC' for now, but please set date.timezone to select your timezone. in /Users/Franzi/github/rrze-icon-inspector/classes/HtmlImageMap.php on line 104
